0 info it worked if it ends with ok
1 verbose cli [ '/usr/local/bin/node', '/usr/local/bin/npm', 'publish' ]
2 info using npm@3.3.12
3 info using node@v5.2.0
4 verbose publish [ '.' ]
5 silly cache add args [ '.', null ]
6 verbose cache add spec .
7 silly cache add parsed spec Result {
7 silly cache add   raw: '.',
7 silly cache add   scope: null,
7 silly cache add   name: null,
7 silly cache add   rawSpec: '.',
7 silly cache add   spec: '/Users/Adrian/testing/objectMap',
7 silly cache add   type: 'directory' }
8 verbose addLocalDirectory /Users/Adrian/.npm/object-map/1.0.0/package.tgz not in flight; packing
9 info lifecycle object-map@1.0.0~prepublish: object-map@1.0.0
10 silly lifecycle object-map@1.0.0~prepublish: no script for prepublish, continuing
11 verbose tar pack [ '/Users/Adrian/.npm/object-map/1.0.0/package.tgz',
11 verbose tar pack   '/Users/Adrian/testing/objectMap' ]
12 verbose tarball /Users/Adrian/.npm/object-map/1.0.0/package.tgz
13 verbose folder /Users/Adrian/testing/objectMap
14 verbose addLocalTarball adding from inside cache /Users/Adrian/.npm/object-map/1.0.0/package.tgz
15 silly cache afterAdd object-map@1.0.0
16 verbose afterAdd /Users/Adrian/.npm/object-map/1.0.0/package/package.json not in flight; writing
17 verbose afterAdd /Users/Adrian/.npm/object-map/1.0.0/package/package.json written
18 silly publish { name: 'object-map',
18 silly publish   version: '1.0.0',
18 silly publish   description: '',
18 silly publish   main: 'objectMap.js',
18 silly publish   scripts: { test: 'echo "Error: no test specified" && exit 1' },
18 silly publish   author: '',
18 silly publish   license: 'ISC',
18 silly publish   gitHead: '620096eefa84798c6f823b3e968bf61a3abf4d3a',
18 silly publish   readme: 'ERROR: No README data found!',
18 silly publish   _id: 'object-map@1.0.0',
18 silly publish   _shasum: '128605a88168d6f4328db0ce2ce6845930bec370',
18 silly publish   _from: '.' }
19 verbose getPublishConfig undefined
20 silly mapToRegistry name object-map
21 silly mapToRegistry using default registry
22 silly mapToRegistry registry https://registry.npmjs.org/
23 silly mapToRegistry uri https://registry.npmjs.org/object-map
24 verbose publish registryBase https://registry.npmjs.org/
25 silly publish uploading /Users/Adrian/.npm/object-map/1.0.0/package.tgz
26 verbose request uri https://registry.npmjs.org/object-map
27 verbose request sending authorization for write operation
28 info attempt registry request try #1 at 11:25:47 AM
29 verbose request using bearer token for auth
30 verbose request id 52a90b0714dc948a
31 http request PUT https://registry.npmjs.org/object-map
32 http 403 https://registry.npmjs.org/object-map
33 verbose headers { 'content-type': 'application/json',
33 verbose headers   'cache-control': 'max-age=300',
33 verbose headers   'content-length': '102',
33 verbose headers   'accept-ranges': 'bytes',
33 verbose headers   date: 'Tue, 19 Jan 2016 10:25:46 GMT',
33 verbose headers   via: '1.1 varnish',
33 verbose headers   connection: 'keep-alive',
33 verbose headers   'x-served-by': 'cache-ams4125-AMS',
33 verbose headers   'x-cache': 'MISS',
33 verbose headers   'x-cache-hits': '0',
33 verbose headers   'x-timer': 'S1453199146.001906,VS0,VE741' }
34 verbose request invalidating /Users/Adrian/.npm/registry.npmjs.org/object-map on PUT
35 error publish Failed PUT 403
36 verbose stack Error: You do not have permission to publish 'object-map'. Are you logged in as the correct user? : object-map
36 verbose stack     at makeError (/usr/local/lib/node_modules/npm/node_modules/npm-registry-client/lib/request.js:264:12)
36 verbose stack     at CachingRegistryClient.<anonymous> (/usr/local/lib/node_modules/npm/node_modules/npm-registry-client/lib/request.js:252:14)
36 verbose stack     at Request._callback (/usr/local/lib/node_modules/npm/node_modules/npm-registry-client/lib/request.js:172:14)
36 verbose stack     at Request.self.callback (/usr/local/lib/node_modules/npm/node_modules/request/request.js:198:22)
36 verbose stack     at emitTwo (events.js:88:13)
36 verbose stack     at Request.emit (events.js:173:7)
36 verbose stack     at Request.<anonymous> (/usr/local/lib/node_modules/npm/node_modules/request/request.js:1082:10)
36 verbose stack     at emitOne (events.js:83:20)
36 verbose stack     at Request.emit (events.js:170:7)
36 verbose stack     at IncomingMessage.<anonymous> (/usr/local/lib/node_modules/npm/node_modules/request/request.js:1009:12)
37 verbose statusCode 403
38 verbose pkgid object-map
39 verbose cwd /Users/Adrian/testing/objectMap
40 error Darwin 14.5.0
41 error argv "/usr/local/bin/node" "/usr/local/bin/npm" "publish"
42 error node v5.2.0
43 error npm  v3.3.12
44 error code E403
45 error You do not have permission to publish 'object-map'. Are you logged in as the correct user? : object-map
46 error If you need help, you may report this error at:
46 error     <https://github.com/npm/npm/issues>
47 verbose exit [ 1, true ]
